/root/.rbenv/versions/2.5.1/lib/ruby/gems/2.5.0/gems/puma-3.12.0/lib/puma/binder.rb:272:in `initialize': Cannot assign requested address - bind(2) for "15.164.192.119" port 80 (Errno::EADDRNOTAVAIL)
	from /root/.rbenv/versions/2.5.1/lib/ruby/gems/2.5.0/gems/puma-3.12.0/lib/puma/binder.rb:272:in `new'
	from /root/.rbenv/versions/2.5.1/lib/ruby/gems/2.5.0/gems/puma-3.12.0/lib/puma/binder.rb:272:in `add_tcp_listener'
	from /root/.rbenv/versions/2.5.1/lib/ruby/gems/2.5.0/gems/puma-3.12.0/lib/puma/binder.rb:105:in `block in parse'
	from /root/.rbenv/versions/2.5.1/lib/ruby/gems/2.5.0/gems/puma-3.12.0/lib/puma/binder.rb:88:in `each'
	from /root/.rbenv/versions/2.5.1/lib/ruby/gems/2.5.0/gems/puma-3.12.0/lib/puma/binder.rb:88:in `parse'
	from /root/.rbenv/versions/2.5.1/lib/ruby/gems/2.5.0/gems/puma-3.12.0/lib/puma/runner.rb:151:in `load_and_bind'
	from /root/.rbenv/versions/2.5.1/lib/ruby/gems/2.5.0/gems/puma-3.12.0/lib/puma/single.rb:96:in `run'
	from /root/.rbenv/versions/2.5.1/lib/ruby/gems/2.5.0/gems/puma-3.12.0/lib/puma/launcher.rb:184:in `run'
	from /root/.rbenv/versions/2.5.1/lib/ruby/gems/2.5.0/gems/puma-3.12.0/lib/rack/handler/puma.rb:70:in `run'
	from /root/.rbenv/versions/2.5.1/lib/ruby/gems/2.5.0/gems/rack-2.0.5/lib/rack/server.rb:297:in `start'
	from /root/.rbenv/versions/2.5.1/lib/ruby/gems/2.5.0/gems/railties-5.2.1/lib/rails/commands/server/server_command.rb:53:in `start'
	from /root/.rbenv/versions/2.5.1/lib/ruby/gems/2.5.0/gems/railties-5.2.1/lib/rails/commands/server/server_command.rb:147:in `block in perform'
	from /root/.rbenv/versions/2.5.1/lib/ruby/gems/2.5.0/gems/railties-5.2.1/lib/rails/commands/server/server_command.rb:142:in `tap'
	from /root/.rbenv/versions/2.5.1/lib/ruby/gems/2.5.0/gems/railties-5.2.1/lib/rails/commands/server/server_command.rb:142:in `perform'
	from /root/.rbenv/versions/2.5.1/lib/ruby/gems/2.5.0/gems/thor-0.20.0/lib/thor/command.rb:27:in `run'
	from /root/.rbenv/versions/2.5.1/lib/ruby/gems/2.5.0/gems/thor-0.20.0/lib/thor/invocation.rb:126:in `invoke_command'
	from /root/.rbenv/versions/2.5.1/lib/ruby/gems/2.5.0/gems/thor-0.20.0/lib/thor.rb:387:in `dispatch'
	from /root/.rbenv/versions/2.5.1/lib/ruby/gems/2.5.0/gems/railties-5.2.1/lib/rails/command/base.rb:65:in `perform'
	from /root/.rbenv/versions/2.5.1/lib/ruby/gems/2.5.0/gems/railties-5.2.1/lib/rails/command.rb:46:in `invoke'
	from /root/.rbenv/versions/2.5.1/lib/ruby/gems/2.5.0/gems/railties-5.2.1/lib/rails/commands.rb:18:in `<main>'
	from /root/.rbenv/versions/2.5.1/lib/ruby/gems/2.5.0/gems/bootsnap-1.3.2/lib/bootsnap/load_path_cache/core_ext/kernel_require.rb:21:in `require'
	from /root/.rbenv/versions/2.5.1/lib/ruby/gems/2.5.0/gems/bootsnap-1.3.2/lib/bootsnap/load_path_cache/core_ext/kernel_require.rb:21:in `block in require_with_bootsnap_lfi'
	from /root/.rbenv/versions/2.5.1/lib/ruby/gems/2.5.0/gems/bootsnap-1.3.2/lib/bootsnap/load_path_cache/loaded_features_index.rb:65:in `register'
	from /root/.rbenv/versions/2.5.1/lib/ruby/gems/2.5.0/gems/bootsnap-1.3.2/lib/bootsnap/load_path_cache/core_ext/kernel_require.rb:20:in `require_with_bootsnap_lfi'
	from /root/.rbenv/versions/2.5.1/lib/ruby/gems/2.5.0/gems/bootsnap-1.3.2/lib/bootsnap/load_path_cache/core_ext/kernel_require.rb:29:in `require'
	from /root/.rbenv/versions/2.5.1/lib/ruby/gems/2.5.0/gems/activesupport-5.2.1/lib/active_support/dependencies.rb:287:in `block in require'
	from /root/.rbenv/versions/2.5.1/lib/ruby/gems/2.5.0/gems/activesupport-5.2.1/lib/active_support/dependencies.rb:253:in `load_dependency'
	from /root/.rbenv/versions/2.5.1/lib/ruby/gems/2.5.0/gems/activesupport-5.2.1/lib/active_support/dependencies.rb:287:in `require'
	from bin/rails:4:in `<main>'
=> Booting Puma
=> Rails 5.2.1 application starting in development 
=> Run `rails server -h` for more startup options
Puma starting in single mode...
* Version 3.12.0 (ruby 2.5.1-p57), codename: Llamas in Pajamas
* Min threads: 5, max threads: 5
* Environment: development
* Listening on tcp://15.164.192.119:80
Exiting
/root/.rbenv/versions/2.5.1/lib/ruby/gems/2.5.0/gems/puma-3.12.0/lib/puma/binder.rb:272:in `initialize': Cannot assign requested address - bind(2) for "15.164.192.119" port 80 (Errno::EADDRNOTAVAIL)
	from /root/.rbenv/versions/2.5.1/lib/ruby/gems/2.5.0/gems/puma-3.12.0/lib/puma/binder.rb:272:in `new'
	from /root/.rbenv/versions/2.5.1/lib/ruby/gems/2.5.0/gems/puma-3.12.0/lib/puma/binder.rb:272:in `add_tcp_listener'
	from /root/.rbenv/versions/2.5.1/lib/ruby/gems/2.5.0/gems/puma-3.12.0/lib/puma/binder.rb:105:in `block in parse'
	from /root/.rbenv/versions/2.5.1/lib/ruby/gems/2.5.0/gems/puma-3.12.0/lib/puma/binder.rb:88:in `each'
	from /root/.rbenv/versions/2.5.1/lib/ruby/gems/2.5.0/gems/puma-3.12.0/lib/puma/binder.rb:88:in `parse'
	from /root/.rbenv/versions/2.5.1/lib/ruby/gems/2.5.0/gems/puma-3.12.0/lib/puma/runner.rb:151:in `load_and_bind'
	from /root/.rbenv/versions/2.5.1/lib/ruby/gems/2.5.0/gems/puma-3.12.0/lib/puma/single.rb:96:in `run'
	from /root/.rbenv/versions/2.5.1/lib/ruby/gems/2.5.0/gems/puma-3.12.0/lib/puma/launcher.rb:184:in `run'
	from /root/.rbenv/versions/2.5.1/lib/ruby/gems/2.5.0/gems/puma-3.12.0/lib/rack/handler/puma.rb:70:in `run'
	from /root/.rbenv/versions/2.5.1/lib/ruby/gems/2.5.0/gems/rack-2.0.5/lib/rack/server.rb:297:in `start'
	from /root/.rbenv/versions/2.5.1/lib/ruby/gems/2.5.0/gems/railties-5.2.1/lib/rails/commands/server/server_command.rb:53:in `start'
	from /root/.rbenv/versions/2.5.1/lib/ruby/gems/2.5.0/gems/railties-5.2.1/lib/rails/commands/server/server_command.rb:147:in `block in perform'
	from /root/.rbenv/versions/2.5.1/lib/ruby/gems/2.5.0/gems/railties-5.2.1/lib/rails/commands/server/server_command.rb:142:in `tap'
	from /root/.rbenv/versions/2.5.1/lib/ruby/gems/2.5.0/gems/railties-5.2.1/lib/rails/commands/server/server_command.rb:142:in `perform'
	from /root/.rbenv/versions/2.5.1/lib/ruby/gems/2.5.0/gems/thor-0.20.0/lib/thor/command.rb:27:in `run'
	from /root/.rbenv/versions/2.5.1/lib/ruby/gems/2.5.0/gems/thor-0.20.0/lib/thor/invocation.rb:126:in `invoke_command'
	from /root/.rbenv/versions/2.5.1/lib/ruby/gems/2.5.0/gems/thor-0.20.0/lib/thor.rb:387:in `dispatch'
	from /root/.rbenv/versions/2.5.1/lib/ruby/gems/2.5.0/gems/railties-5.2.1/lib/rails/command/base.rb:65:in `perform'
	from /root/.rbenv/versions/2.5.1/lib/ruby/gems/2.5.0/gems/railties-5.2.1/lib/rails/command.rb:46:in `invoke'
	from /root/.rbenv/versions/2.5.1/lib/ruby/gems/2.5.0/gems/railties-5.2.1/lib/rails/commands.rb:18:in `<main>'
	from /root/.rbenv/versions/2.5.1/lib/ruby/gems/2.5.0/gems/bootsnap-1.3.2/lib/bootsnap/load_path_cache/core_ext/kernel_require.rb:21:in `require'
	from /root/.rbenv/versions/2.5.1/lib/ruby/gems/2.5.0/gems/bootsnap-1.3.2/lib/bootsnap/load_path_cache/core_ext/kernel_require.rb:21:in `block in require_with_bootsnap_lfi'
	from /root/.rbenv/versions/2.5.1/lib/ruby/gems/2.5.0/gems/bootsnap-1.3.2/lib/bootsnap/load_path_cache/loaded_features_index.rb:65:in `register'
	from /root/.rbenv/versions/2.5.1/lib/ruby/gems/2.5.0/gems/bootsnap-1.3.2/lib/bootsnap/load_path_cache/core_ext/kernel_require.rb:20:in `require_with_bootsnap_lfi'
	from /root/.rbenv/versions/2.5.1/lib/ruby/gems/2.5.0/gems/bootsnap-1.3.2/lib/bootsnap/load_path_cache/core_ext/kernel_require.rb:29:in `require'
	from /root/.rbenv/versions/2.5.1/lib/ruby/gems/2.5.0/gems/activesupport-5.2.1/lib/active_support/dependencies.rb:287:in `block in require'
	from /root/.rbenv/versions/2.5.1/lib/ruby/gems/2.5.0/gems/activesupport-5.2.1/lib/active_support/dependencies.rb:253:in `load_dependency'
	from /root/.rbenv/versions/2.5.1/lib/ruby/gems/2.5.0/gems/activesupport-5.2.1/lib/active_support/dependencies.rb:287:in `require'
	from bin/rails:4:in `<main>'
=> Booting Puma
=> Rails 5.2.1 application starting in development 
=> Run `rails server -h` for more startup options
Puma starting in single mode...
* Version 3.12.0 (ruby 2.5.1-p57), codename: Llamas in Pajamas
* Min threads: 5, max threads: 5
* Environment: development
* Listening on tcp://15.164.192.119:80
Exiting
=> Booting Puma
=> Rails 5.2.1 application starting in production 
=> Run `rails server -h` for more startup options
Puma starting in single mode...
* Version 3.12.0 (ruby 2.5.1-p57), codename: Llamas in Pajamas
* Min threads: 5, max threads: 5
* Environment: production
* Listening on tcp://0.0.0.0:80
Use Ctrl-C to stop
- Gracefully stopping, waiting for requests to finish
=== puma shutdown: 2019-07-22 18:50:07 +0000 ===
- Goodbye!
Exiting
/root/.rbenv/versions/2.5.1/lib/ruby/gems/2.5.0/gems/thor-0.20.0/lib/thor/parser/arguments.rb:133:in `parse_numeric': Expected numeric value for '--port'; got "80$" (Thor::MalformattedArgumentError)
	from /root/.rbenv/versions/2.5.1/lib/ruby/gems/2.5.0/gems/thor-0.20.0/lib/thor/parser/options.rb:218:in `parse_peek'
	from /root/.rbenv/versions/2.5.1/lib/ruby/gems/2.5.0/gems/thor-0.20.0/lib/thor/parser/options.rb:98:in `parse'
	from /root/.rbenv/versions/2.5.1/lib/ruby/gems/2.5.0/gems/thor-0.20.0/lib/thor/base.rb:70:in `initialize'
	from /root/.rbenv/versions/2.5.1/lib/ruby/gems/2.5.0/gems/thor-0.20.0/lib/thor/invocation.rb:25:in `initialize'
	from /root/.rbenv/versions/2.5.1/lib/ruby/gems/2.5.0/gems/thor-0.20.0/lib/thor/shell.rb:45:in `initialize'
	from /root/.rbenv/versions/2.5.1/lib/ruby/gems/2.5.0/gems/railties-5.2.1/lib/rails/commands/server/server_command.rb:134:in `initialize'
	from /root/.rbenv/versions/2.5.1/lib/ruby/gems/2.5.0/gems/thor-0.20.0/lib/thor.rb:383:in `new'
	from /root/.rbenv/versions/2.5.1/lib/ruby/gems/2.5.0/gems/thor-0.20.0/lib/thor.rb:383:in `dispatch'
	from /root/.rbenv/versions/2.5.1/lib/ruby/gems/2.5.0/gems/railties-5.2.1/lib/rails/command/base.rb:65:in `perform'
	from /root/.rbenv/versions/2.5.1/lib/ruby/gems/2.5.0/gems/railties-5.2.1/lib/rails/command.rb:46:in `invoke'
	from /root/.rbenv/versions/2.5.1/lib/ruby/gems/2.5.0/gems/railties-5.2.1/lib/rails/commands.rb:18:in `<main>'
	from /root/.rbenv/versions/2.5.1/lib/ruby/gems/2.5.0/gems/bootsnap-1.3.2/lib/bootsnap/load_path_cache/core_ext/kernel_require.rb:21:in `require'
	from /root/.rbenv/versions/2.5.1/lib/ruby/gems/2.5.0/gems/bootsnap-1.3.2/lib/bootsnap/load_path_cache/core_ext/kernel_require.rb:21:in `block in require_with_bootsnap_lfi'
	from /root/.rbenv/versions/2.5.1/lib/ruby/gems/2.5.0/gems/bootsnap-1.3.2/lib/bootsnap/load_path_cache/loaded_features_index.rb:65:in `register'
	from /root/.rbenv/versions/2.5.1/lib/ruby/gems/2.5.0/gems/bootsnap-1.3.2/lib/bootsnap/load_path_cache/core_ext/kernel_require.rb:20:in `require_with_bootsnap_lfi'
	from /root/.rbenv/versions/2.5.1/lib/ruby/gems/2.5.0/gems/bootsnap-1.3.2/lib/bootsnap/load_path_cache/core_ext/kernel_require.rb:29:in `require'
	from /root/.rbenv/versions/2.5.1/lib/ruby/gems/2.5.0/gems/activesupport-5.2.1/lib/active_support/dependencies.rb:287:in `block in require'
	from /root/.rbenv/versions/2.5.1/lib/ruby/gems/2.5.0/gems/activesupport-5.2.1/lib/active_support/dependencies.rb:253:in `load_dependency'
	from /root/.rbenv/versions/2.5.1/lib/ruby/gems/2.5.0/gems/activesupport-5.2.1/lib/active_support/dependencies.rb:287:in `require'
	from bin/rails:4:in `<main>'
2019-07-23 04:17:15 +0000: HTTP parse error, malformed request (): #<Puma::HttpParserError: Invalid HTTP format, parsing fails.>
---
2019-07-24 05:18:26 +0000: HTTP parse error, malformed request (): #<Puma::HttpParserError: Invalid HTTP format, parsing fails.>
---
2019-07-24 07:01:32 +0000: HTTP parse error, malformed request (): #<Puma::HttpParserError: Invalid HTTP format, parsing fails.>
---
2019-07-25 08:41:36 +0000: HTTP parse error, malformed request (): #<Puma::HttpParserError: Invalid HTTP format, parsing fails.>
---
2019-07-25 14:55:25 +0000: HTTP parse error, malformed request (): #<Puma::HttpParserError: Invalid HTTP format, parsing fails.>
---
2019-07-25 21:18:00 +0000: HTTP parse error, malformed request (): #<Puma::HttpParserError: Invalid HTTP format, parsing fails.>
---
2019-07-25 21:55:18 +0000: HTTP parse error, malformed request (): #<Puma::HttpParserError: Invalid HTTP format, parsing fails.>
---
2019-07-26 23:55:17 +0000: HTTP parse error, malformed request (): #<Puma::HttpParserError: Invalid HTTP format, parsing fails.>
---
2019-07-27 07:13:35 +0000: HTTP parse error, malformed request (): #<Puma::HttpParserError: Invalid HTTP format, parsing fails.>
---
2019-07-27 19:50:32 +0000: HTTP parse error, malformed request (): #<Puma::HttpParserError: Invalid HTTP format, parsing fails.>
---
2019-07-28 11:11:51 +0000: HTTP parse error, malformed request (): #<Puma::HttpParserError: Invalid HTTP format, parsing fails.>
---
2019-07-28 11:13:23 +0000: HTTP parse error, malformed request (): #<Puma::HttpParserError: Invalid HTTP format, parsing fails.>
---
