=> Booting Puma
=> Rails 5.2.1 application starting in development 
=> Run `rails server -h` for more startup options
Puma starting in single mode...
* Version 3.12.0 (ruby 2.5.1-p57), codename: Llamas in Pajamas
* Min threads: 5, max threads: 5
* Environment: development
* Listening on tcp://localhost:3000
Use Ctrl-C to stop
- Gracefully stopping, waiting for requests to finish
=== puma shutdown: 2019-07-22 16:21:53 +0000 ===
- Goodbye!
Exiting
=> Booting Puma
=> Rails 5.2.1 application starting in development 
=> Run `rails server -h` for more startup options
Puma starting in single mode...
* Version 3.12.0 (ruby 2.5.1-p57), codename: Llamas in Pajamas
* Min threads: 5, max threads: 5
* Environment: development
* Listening on tcp://localhost:3000
Use Ctrl-C to stop
- Gracefully stopping, waiting for requests to finish
=== puma shutdown: 2019-07-22 16:22:24 +0000 ===
- Goodbye!
Exiting
